The system is: Windows - 10.0.19044 - AMD64
Compiling the C compiler identification source file "CMakeCCompilerId.c" succeeded.
Compiler: C:/Program Files (x86)/Microsoft Visual Studio/2017/Professional/VC/Tools/MSVC/14.16.27023/bin/Hostx86/x86/cl.exe 
Build flags: 
Id flags:  

The output was:
0
用于 x86 的 Microsoft (R) C/C++ 优化编译器 19.16.27045 版
版权所有(C) Microsoft Corporation。保留所有权利。

CMakeCCompilerId.c
Microsoft (R) Incremental Linker Version 14.16.27045.0
Copyright (C) Microsoft Corporation.  All rights reserved.

/out:CMakeCCompilerId.exe 
CMakeCCompilerId.obj 


Compilation of the C compiler identification source "CMakeCCompilerId.c" produced "CMakeCCompilerId.exe"

Compilation of the C compiler identification source "CMakeCCompilerId.c" produced "CMakeCCompilerId.obj"

The C compiler identification is MSVC, found in "F:/code/leetcode/test/cmake-build-debug/CMakeFiles/3.22.3/CompilerIdC/CMakeCCompilerId.exe"

Compiling the CXX compiler identification source file "CMakeCXXCompilerId.cpp" succeeded.
Compiler: C:/Program Files (x86)/Microsoft Visual Studio/2017/Professional/VC/Tools/MSVC/14.16.27023/bin/Hostx86/x86/cl.exe 
Build flags: 
Id flags:  

The output was:
0
用于 x86 的 Microsoft (R) C/C++ 优化编译器 19.16.27045 版
版权所有(C) Microsoft Corporation。保留所有权利。

CMakeCXXCompilerId.cpp
Microsoft (R) Incremental Linker Version 14.16.27045.0
Copyright (C) Microsoft Corporation.  All rights reserved.

/out:CMakeCXXCompilerId.exe 
CMakeCXXCompilerId.obj 


Compilation of the CXX compiler identification source "CMakeCXXCompilerId.cpp" produced "CMakeCXXCompilerId.exe"

Compilation of the CXX compiler identification source "CMakeCXXCompilerId.cpp" produced "CMakeCXXCompilerId.obj"

The CXX compiler identification is MSVC, found in "F:/code/leetcode/test/cmake-build-debug/CMakeFiles/3.22.3/CompilerIdCXX/CMakeCXXCompilerId.exe"

Detecting C compiler ABI info compiled with the following output:
Change Dir: F:/code/leetcode/test/cmake-build-debug/CMakeFiles/CMakeTmp

Run Build Command(s):C:/Program Files (x86)/Microsoft Visual Studio/2017/Professional/VC/Tools/MSVC/14.16.27023/bin/Hostx86/x86/nmake.exe -f Makefile /nologo cmTC_bbfee\fast && 	"C:\Program Files (x86)\Microsoft Visual Studio\2017\Professional\VC\Tools\MSVC\14.16.27023\bin\Hostx86\x86\nmake.exe"  -f CMakeFiles\cmTC_bbfee.dir\build.make /nologo -L                  CMakeFiles\cmTC_bbfee.dir\build
Building C object CMakeFiles/cmTC_bbfee.dir/CMakeCCompilerABI.c.obj
	"C:\Program Files\JetBrains\CLion 2022.1.3\bin\cmake\win\bin\cmake.exe" -E cmake_cl_compile_depends --dep-file=CMakeFiles\cmTC_bbfee.dir\CMakeCCompilerABI.c.obj.d --working-dir=F:\code\leetcode\test\cmake-build-debug\CMakeFiles\CMakeTmp --filter-prefix="注意: 包含文件:  " -- C:\PROGRA~2\MICROS~3\2017\PROFES~1\VC\Tools\MSVC\1416~1.270\bin\Hostx86\x86\cl.exe @C:\Users\FIREKE~1\AppData\Local\Temp\nmDBA7.tmp
CMakeCCompilerABI.c
?鈷? 鍖呭惈鏂囦欢:  c:\program files\jetbrains\clion 2022.1.3\bin\cmake\win\share\cmake-3.22\modules\CMakeCompilerABI.h
Linking C executable cmTC_bbfee.exe
	"C:\Program Files\JetBrains\CLion 2022.1.3\bin\cmake\win\bin\cmake.exe" -E vs_link_exe --intdir=CMakeFiles\cmTC_bbfee.dir --rc=C:\PROGRA~2\WI3CF2~1\10\bin\100177~1.0\x86\rc.exe --mt=C:\PROGRA~2\WI3CF2~1\10\bin\100177~1.0\x86\mt.exe --manifests -- C:\PROGRA~2\MICROS~3\2017\PROFES~1\VC\Tools\MSVC\1416~1.270\bin\Hostx86\x86\link.exe /nologo @CMakeFiles\cmTC_bbfee.dir\objects1.rsp @C:\Users\FIREKE~1\AppData\Local\Temp\nmDD2F.tmp



Detecting CXX compiler ABI info compiled with the following output:
Change Dir: F:/code/leetcode/test/cmake-build-debug/CMakeFiles/CMakeTmp

Run Build Command(s):C:/Program Files (x86)/Microsoft Visual Studio/2017/Professional/VC/Tools/MSVC/14.16.27023/bin/Hostx86/x86/nmake.exe -f Makefile /nologo cmTC_d4842\fast && 	"C:\Program Files (x86)\Microsoft Visual Studio\2017\Professional\VC\Tools\MSVC\14.16.27023\bin\Hostx86\x86\nmake.exe"  -f CMakeFiles\cmTC_d4842.dir\build.make /nologo -L                  CMakeFiles\cmTC_d4842.dir\build
Building CXX object CMakeFiles/cmTC_d4842.dir/CMakeCXXCompilerABI.cpp.obj
	"C:\Program Files\JetBrains\CLion 2022.1.3\bin\cmake\win\bin\cmake.exe" -E cmake_cl_compile_depends --dep-file=CMakeFiles\cmTC_d4842.dir\CMakeCXXCompilerABI.cpp.obj.d --working-dir=F:\code\leetcode\test\cmake-build-debug\CMakeFiles\CMakeTmp --filter-prefix="注意: 包含文件:  " -- C:\PROGRA~2\MICROS~3\2017\PROFES~1\VC\Tools\MSVC\1416~1.270\bin\Hostx86\x86\cl.exe @C:\Users\FIREKE~1\AppData\Local\Temp\nmE06A.tmp
CMakeCXXCompilerABI.cpp
?鈷? 鍖呭惈鏂囦欢:  c:\program files\jetbrains\clion 2022.1.3\bin\cmake\win\share\cmake-3.22\modules\CMakeCompilerABI.h
Linking CXX executable cmTC_d4842.exe
	"C:\Program Files\JetBrains\CLion 2022.1.3\bin\cmake\win\bin\cmake.exe" -E vs_link_exe --intdir=CMakeFiles\cmTC_d4842.dir --rc=C:\PROGRA~2\WI3CF2~1\10\bin\100177~1.0\x86\rc.exe --mt=C:\PROGRA~2\WI3CF2~1\10\bin\100177~1.0\x86\mt.exe --manifests -- C:\PROGRA~2\MICROS~3\2017\PROFES~1\VC\Tools\MSVC\1416~1.270\bin\Hostx86\x86\link.exe /nologo @CMakeFiles\cmTC_d4842.dir\objects1.rsp @C:\Users\FIREKE~1\AppData\Local\Temp\nmE0E8.tmp



